2016-04-27 14:05:39,903 [Worker-5] INFO  o.e.m.c.i.l.LifecycleMappingFactory - Using org.eclipse.m2e.jdt.JarLifecycleMapping lifecycle mapping for MavenProject: MNPLY:MNPLY:0.0.1-SNAPSHOT @ /home/christianzen/Tools/workspace/MNPLY/pom.xml.
2016-04-27 14:05:41,404 [Worker-5] INFO  o.e.m.c.i.embedder.EclipseLogger - Using 'UTF-8' encoding to copy filtered resources.
2016-04-27 14:05:41,404 [Worker-5] INFO  o.e.m.c.i.embedder.EclipseLogger - skip non existing resourceDirectory /home/christianzen/Tools/workspace/MNPLY/src/main/resources
2016-04-27 14:05:41,408 [Worker-5] INFO  o.e.m.c.i.embedder.EclipseLogger - Using 'UTF-8' encoding to copy filtered resources.
2016-04-27 14:05:41,409 [Worker-5] INFO  o.e.m.c.i.embedder.EclipseLogger - skip non existing resourceDirectory /home/christianzen/Tools/workspace/MNPLY/src/test/resources
2016-04-27 14:05:42,531 [Worker-1] INFO  o.e.m.c.i.l.LifecycleMappingFactory - Using org.eclipse.m2e.jdt.JarLifecycleMapping lifecycle mapping for MavenProject: MNPLY:MNPLY:0.0.1-SNAPSHOT @ /home/christianzen/Tools/workspace/MNPLY/pom.xml.
2016-04-27 14:05:43,642 [Worker-13] INFO  o.e.m.c.i.embedder.EclipseLogger - Using 'UTF-8' encoding to copy filtered resources.
2016-04-27 14:05:43,642 [Worker-13] INFO  o.e.m.c.i.embedder.EclipseLogger - skip non existing resourceDirectory /home/christianzen/Tools/workspace/MNPLY/src/main/resources
2016-04-27 14:05:43,646 [Worker-13] INFO  o.e.m.c.i.embedder.EclipseLogger - Using 'UTF-8' encoding to copy filtered resources.
2016-04-27 14:05:43,646 [Worker-13] INFO  o.e.m.c.i.embedder.EclipseLogger - skip non existing resourceDirectory /home/christianzen/Tools/workspace/MNPLY/src/test/resources
2016-04-27 14:06:18,507 [Worker-14] INFO  o.e.m.c.i.embedder.EclipseLogger - Using 'UTF-8' encoding to copy filtered resources.
2016-04-27 14:06:18,507 [Worker-14] INFO  o.e.m.c.i.embedder.EclipseLogger - skip non existing resourceDirectory /home/christianzen/Tools/workspace/MNPLY/src/main/resources
2016-04-27 14:06:18,515 [Worker-14] INFO  o.e.m.c.i.embedder.EclipseLogger - Using 'UTF-8' encoding to copy filtered resources.
2016-04-27 14:06:18,515 [Worker-14] INFO  o.e.m.c.i.embedder.EclipseLogger - skip non existing resourceDirectory /home/christianzen/Tools/workspace/MNPLY/src/test/resources
2016-04-27 14:07:17,388 [Worker-11] INFO  o.e.m.c.i.embedder.EclipseLogger - Using 'UTF-8' encoding to copy filtered resources.
2016-04-27 14:07:17,388 [Worker-11] INFO  o.e.m.c.i.embedder.EclipseLogger - skip non existing resourceDirectory /home/christianzen/Tools/workspace/MNPLY/src/main/resources
2016-04-27 14:07:17,391 [Worker-11] INFO  o.e.m.c.i.embedder.EclipseLogger - Using 'UTF-8' encoding to copy filtered resources.
2016-04-27 14:07:17,391 [Worker-11] INFO  o.e.m.c.i.embedder.EclipseLogger - skip non existing resourceDirectory /home/christianzen/Tools/workspace/MNPLY/src/test/resources
2016-04-27 14:07:22,588 [Worker-3] INFO  o.e.m.c.i.embedder.EclipseLogger - Using 'UTF-8' encoding to copy filtered resources.
2016-04-27 14:07:22,589 [Worker-3] INFO  o.e.m.c.i.embedder.EclipseLogger - skip non existing resourceDirectory /home/christianzen/Tools/workspace/MNPLY/src/main/resources
2016-04-27 14:07:22,591 [Worker-3] INFO  o.e.m.c.i.embedder.EclipseLogger - Using 'UTF-8' encoding to copy filtered resources.
2016-04-27 14:07:22,591 [Worker-3] INFO  o.e.m.c.i.embedder.EclipseLogger - skip non existing resourceDirectory /home/christianzen/Tools/workspace/MNPLY/src/test/resources
2016-04-27 14:07:38,856 [Worker-10] INFO  o.e.m.c.i.embedder.EclipseLogger - Using 'UTF-8' encoding to copy filtered resources.
2016-04-27 14:07:38,856 [Worker-10] INFO  o.e.m.c.i.embedder.EclipseLogger - skip non existing resourceDirectory /home/christianzen/Tools/workspace/MNPLY/src/main/resources
2016-04-27 14:07:38,858 [Worker-10] INFO  o.e.m.c.i.embedder.EclipseLogger - Using 'UTF-8' encoding to copy filtered resources.
2016-04-27 14:07:38,858 [Worker-10] INFO  o.e.m.c.i.embedder.EclipseLogger - skip non existing resourceDirectory /home/christianzen/Tools/workspace/MNPLY/src/test/resources
2016-04-27 14:07:43,598 [Worker-10] INFO  o.e.m.c.i.embedder.EclipseLogger - Using 'UTF-8' encoding to copy filtered resources.
2016-04-27 14:07:43,599 [Worker-10] INFO  o.e.m.c.i.embedder.EclipseLogger - skip non existing resourceDirectory /home/christianzen/Tools/workspace/MNPLY/src/main/resources
2016-04-27 14:07:43,601 [Worker-10] INFO  o.e.m.c.i.embedder.EclipseLogger - Using 'UTF-8' encoding to copy filtered resources.
2016-04-27 14:07:43,601 [Worker-10] INFO  o.e.m.c.i.embedder.EclipseLogger - skip non existing resourceDirectory /home/christianzen/Tools/workspace/MNPLY/src/test/resources
2016-04-27 14:07:46,258 [Worker-11] INFO  o.e.m.c.i.embedder.EclipseLogger - Using 'UTF-8' encoding to copy filtered resources.
2016-04-27 14:07:46,258 [Worker-11] INFO  o.e.m.c.i.embedder.EclipseLogger - skip non existing resourceDirectory /home/christianzen/Tools/workspace/MNPLY/src/main/resources
2016-04-27 14:07:46,261 [Worker-11] INFO  o.e.m.c.i.embedder.EclipseLogger - Using 'UTF-8' encoding to copy filtered resources.
2016-04-27 14:07:46,261 [Worker-11] INFO  o.e.m.c.i.embedder.EclipseLogger - skip non existing resourceDirectory /home/christianzen/Tools/workspace/MNPLY/src/test/resources
2016-04-27 14:07:48,745 [Worker-9] INFO  o.e.m.c.i.embedder.EclipseLogger - Using 'UTF-8' encoding to copy filtered resources.
2016-04-27 14:07:48,745 [Worker-9] INFO  o.e.m.c.i.embedder.EclipseLogger - skip non existing resourceDirectory /home/christianzen/Tools/workspace/MNPLY/src/main/resources
2016-04-27 14:07:48,749 [Worker-9] INFO  o.e.m.c.i.embedder.EclipseLogger - Using 'UTF-8' encoding to copy filtered resources.
2016-04-27 14:07:48,750 [Worker-9] INFO  o.e.m.c.i.embedder.EclipseLogger - skip non existing resourceDirectory /home/christianzen/Tools/workspace/MNPLY/src/test/resources
2016-04-27 14:07:53,583 [Worker-5] INFO  o.e.m.c.i.embedder.EclipseLogger - Using 'UTF-8' encoding to copy filtered resources.
2016-04-27 14:07:53,583 [Worker-5] INFO  o.e.m.c.i.embedder.EclipseLogger - skip non existing resourceDirectory /home/christianzen/Tools/workspace/MNPLY/src/main/resources
2016-04-27 14:07:53,585 [Worker-5] INFO  o.e.m.c.i.embedder.EclipseLogger - Using 'UTF-8' encoding to copy filtered resources.
2016-04-27 14:07:53,585 [Worker-5] INFO  o.e.m.c.i.embedder.EclipseLogger - skip non existing resourceDirectory /home/christianzen/Tools/workspace/MNPLY/src/test/resources
2016-04-27 14:28:11,153 [Worker-11] INFO  o.e.m.c.i.embedder.EclipseLogger - Using 'UTF-8' encoding to copy filtered resources.
2016-04-27 14:28:11,153 [Worker-11] INFO  o.e.m.c.i.embedder.EclipseLogger - skip non existing resourceDirectory /home/christianzen/Tools/workspace/MNPLY/src/main/resources
2016-04-27 14:28:11,156 [Worker-11] INFO  o.e.m.c.i.embedder.EclipseLogger - Using 'UTF-8' encoding to copy filtered resources.
2016-04-27 14:28:11,156 [Worker-11] INFO  o.e.m.c.i.embedder.EclipseLogger - skip non existing resourceDirectory /home/christianzen/Tools/workspace/MNPLY/src/test/resources
2016-04-27 14:28:23,607 [Worker-6] INFO  o.e.m.c.i.embedder.EclipseLogger - Using 'UTF-8' encoding to copy filtered resources.
2016-04-27 14:28:23,614 [Worker-6] INFO  o.e.m.c.i.embedder.EclipseLogger - skip non existing resourceDirectory /home/christianzen/Tools/workspace/MNPLY/src/main/resources
2016-04-27 14:28:23,620 [Worker-6] INFO  o.e.m.c.i.embedder.EclipseLogger - Using 'UTF-8' encoding to copy filtered resources.
2016-04-27 14:28:23,620 [Worker-6] INFO  o.e.m.c.i.embedder.EclipseLogger - skip non existing resourceDirectory /home/christianzen/Tools/workspace/MNPLY/src/test/resources
2016-04-27 14:28:31,586 [Worker-11] INFO  o.e.m.c.i.embedder.EclipseLogger - Using 'UTF-8' encoding to copy filtered resources.
2016-04-27 14:28:31,587 [Worker-11] INFO  o.e.m.c.i.embedder.EclipseLogger - skip non existing resourceDirectory /home/christianzen/Tools/workspace/MNPLY/src/main/resources
2016-04-27 14:28:31,589 [Worker-11] INFO  o.e.m.c.i.embedder.EclipseLogger - Using 'UTF-8' encoding to copy filtered resources.
2016-04-27 14:28:31,590 [Worker-11] INFO  o.e.m.c.i.embedder.EclipseLogger - skip non existing resourceDirectory /home/christianzen/Tools/workspace/MNPLY/src/test/resources
2016-04-27 14:28:50,446 [Worker-16] INFO  o.e.m.c.i.embedder.EclipseLogger - Using 'UTF-8' encoding to copy filtered resources.
2016-04-27 14:28:50,446 [Worker-16] INFO  o.e.m.c.i.embedder.EclipseLogger - skip non existing resourceDirectory /home/christianzen/Tools/workspace/MNPLY/src/main/resources
2016-04-27 14:28:50,451 [Worker-16] INFO  o.e.m.c.i.embedder.EclipseLogger - Using 'UTF-8' encoding to copy filtered resources.
2016-04-27 14:28:50,451 [Worker-16] INFO  o.e.m.c.i.embedder.EclipseLogger - skip non existing resourceDirectory /home/christianzen/Tools/workspace/MNPLY/src/test/resources
2016-04-27 14:28:51,490 [Worker-1] INFO  o.e.m.c.i.embedder.EclipseLogger - Using 'UTF-8' encoding to copy filtered resources.
2016-04-27 14:28:51,491 [Worker-1] INFO  o.e.m.c.i.embedder.EclipseLogger - skip non existing resourceDirectory /home/christianzen/Tools/workspace/MNPLY/src/main/resources
2016-04-27 14:28:51,494 [Worker-1] INFO  o.e.m.c.i.embedder.EclipseLogger - Using 'UTF-8' encoding to copy filtered resources.
2016-04-27 14:28:51,495 [Worker-1] INFO  o.e.m.c.i.embedder.EclipseLogger - skip non existing resourceDirectory /home/christianzen/Tools/workspace/MNPLY/src/test/resources
2016-04-27 14:29:08,877 [Worker-11] INFO  o.e.m.c.i.embedder.EclipseLogger - Using 'UTF-8' encoding to copy filtered resources.
2016-04-27 14:29:08,877 [Worker-11] INFO  o.e.m.c.i.embedder.EclipseLogger - skip non existing resourceDirectory /home/christianzen/Tools/workspace/MNPLY/src/main/resources
2016-04-27 14:29:08,882 [Worker-11] INFO  o.e.m.c.i.embedder.EclipseLogger - Using 'UTF-8' encoding to copy filtered resources.
2016-04-27 14:29:08,882 [Worker-11] INFO  o.e.m.c.i.embedder.EclipseLogger - skip non existing resourceDirectory /home/christianzen/Tools/workspace/MNPLY/src/test/resources
2016-04-27 14:29:20,179 [Worker-16] INFO  o.e.m.c.i.embedder.EclipseLogger - Using 'UTF-8' encoding to copy filtered resources.
2016-04-27 14:29:20,179 [Worker-16] INFO  o.e.m.c.i.embedder.EclipseLogger - skip non existing resourceDirectory /home/christianzen/Tools/workspace/MNPLY/src/main/resources
2016-04-27 14:29:20,188 [Worker-16] INFO  o.e.m.c.i.embedder.EclipseLogger - Using 'UTF-8' encoding to copy filtered resources.
2016-04-27 14:29:20,190 [Worker-16] INFO  o.e.m.c.i.embedder.EclipseLogger - skip non existing resourceDirectory /home/christianzen/Tools/workspace/MNPLY/src/test/resources
2016-04-27 14:36:55,971 [Worker-6] INFO  o.e.m.c.i.l.LifecycleMappingFactory - Using org.eclipse.m2e.jdt.JarLifecycleMapping lifecycle mapping for MavenProject: rMNPLY:rMNPLY:0.0.1-SNAPSHOT @ /home/christianzen/Tools/workspace/rMNPLY/pom.xml.
2016-04-27 14:36:57,439 [Worker-17] WARN  o.e.m.c.i.embedder.EclipseLogger - Using platform encoding (UTF-8 actually) to copy filtered resources, i.e. build is platform dependent!
2016-04-27 14:36:57,440 [Worker-17] INFO  o.e.m.c.i.embedder.EclipseLogger - skip non existing resourceDirectory /home/christianzen/Tools/workspace/rMNPLY/src/main/resources
2016-04-27 14:36:57,445 [Worker-17] WARN  o.e.m.c.i.embedder.EclipseLogger - Using platform encoding (UTF-8 actually) to copy filtered resources, i.e. build is platform dependent!
2016-04-27 14:36:57,445 [Worker-17] INFO  o.e.m.c.i.embedder.EclipseLogger - skip non existing resourceDirectory /home/christianzen/Tools/workspace/rMNPLY/src/test/resources
2016-04-27 14:36:57,493 [Worker-6] INFO  o.e.m.j.i.AbstractJavaProjectConfigurator - Adding source folder /rMNPLY/src
2016-04-27 14:36:57,494 [Worker-6] INFO  o.e.m.j.i.AbstractJavaProjectConfigurator - Not adding source folder /rMNPLY/src/test/java because it overlaps with /rMNPLY/src
2016-04-27 14:36:57,726 [Worker-6] INFO  o.e.m.c.i.p.ProjectConfigurationManager - Update started
2016-04-27 14:36:58,271 [Worker-6] INFO  o.e.m.c.i.l.LifecycleMappingFactory - Using org.eclipse.m2e.jdt.JarLifecycleMapping lifecycle mapping for MavenProject: rMNPLY:rMNPLY:0.0.1-SNAPSHOT @ /home/christianzen/Tools/workspace/rMNPLY/pom.xml.
2016-04-27 14:36:58,991 [Worker-6] INFO  o.e.m.j.i.AbstractJavaProjectConfigurator - Adding source folder /rMNPLY/src
2016-04-27 14:36:59,005 [Worker-6] INFO  o.e.m.j.i.AbstractJavaProjectConfigurator - Not adding source folder /rMNPLY/src/test/java because it overlaps with /rMNPLY/src
2016-04-27 14:36:59,277 [Worker-6] INFO  o.e.m.c.i.p.ProjectConfigurationManager - Update completed: 1 sec
2016-04-27 14:36:59,756 [Worker-11] WARN  o.e.m.c.i.embedder.EclipseLogger - Using platform encoding (UTF-8 actually) to copy filtered resources, i.e. build is platform dependent!
2016-04-27 14:36:59,760 [Worker-11] INFO  o.e.m.c.i.embedder.EclipseLogger - skip non existing resourceDirectory /home/christianzen/Tools/workspace/rMNPLY/src/main/resources
2016-04-27 14:36:59,765 [Worker-11] WARN  o.e.m.c.i.embedder.EclipseLogger - Using platform encoding (UTF-8 actually) to copy filtered resources, i.e. build is platform dependent!
2016-04-27 14:36:59,766 [Worker-11] INFO  o.e.m.c.i.embedder.EclipseLogger - skip non existing resourceDirectory /home/christianzen/Tools/workspace/rMNPLY/src/test/resources
2016-04-27 14:38:02,717 [Worker-10] INFO  o.e.m.c.i.l.LifecycleMappingFactory - Using org.eclipse.m2e.jdt.JarLifecycleMapping lifecycle mapping for MavenProject: rMNPLY:rMNPLY:0.0.1-SNAPSHOT @ /home/christianzen/Tools/workspace/rMNPLY/pom.xml.
2016-04-27 14:38:03,239 [Worker-10] INFO  o.e.m.c.i.embedder.EclipseLogger - Using 'UTF-8' encoding to copy filtered resources.
2016-04-27 14:38:03,240 [Worker-10] INFO  o.e.m.c.i.embedder.EclipseLogger - skip non existing resourceDirectory /home/christianzen/Tools/workspace/rMNPLY/src/main/resources
2016-04-27 14:38:03,242 [Worker-10] INFO  o.e.m.c.i.embedder.EclipseLogger - Using 'UTF-8' encoding to copy filtered resources.
2016-04-27 14:38:03,242 [Worker-10] INFO  o.e.m.c.i.embedder.EclipseLogger - skip non existing resourceDirectory /home/christianzen/Tools/workspace/rMNPLY/src/test/resources
2016-04-27 14:38:05,512 [Worker-19] INFO  o.e.m.c.i.l.LifecycleMappingFactory - Using org.eclipse.m2e.jdt.JarLifecycleMapping lifecycle mapping for MavenProject: rMNPLY:rMNPLY:0.0.1-SNAPSHOT @ /home/christianzen/Tools/workspace/rMNPLY/pom.xml.
2016-04-27 14:38:06,357 [Worker-19] INFO  o.e.m.c.i.embedder.EclipseLogger - Using 'UTF-8' encoding to copy filtered resources.
2016-04-27 14:38:06,358 [Worker-19] INFO  o.e.m.c.i.embedder.EclipseLogger - skip non existing resourceDirectory /home/christianzen/Tools/workspace/rMNPLY/src/main/resources
2016-04-27 14:38:06,362 [Worker-19] INFO  o.e.m.c.i.embedder.EclipseLogger - Using 'UTF-8' encoding to copy filtered resources.
2016-04-27 14:38:06,362 [Worker-19] INFO  o.e.m.c.i.embedder.EclipseLogger - skip non existing resourceDirectory /home/christianzen/Tools/workspace/rMNPLY/src/test/resources
2016-04-27 14:38:31,078 [Worker-15] INFO  o.e.m.c.i.embedder.EclipseLogger - Using 'UTF-8' encoding to copy filtered resources.
2016-04-27 14:38:31,079 [Worker-15] INFO  o.e.m.c.i.embedder.EclipseLogger - skip non existing resourceDirectory /home/christianzen/Tools/workspace/rMNPLY/src/main/resources
2016-04-27 14:38:31,086 [Worker-15] INFO  o.e.m.c.i.embedder.EclipseLogger - Using 'UTF-8' encoding to copy filtered resources.
2016-04-27 14:38:31,087 [Worker-15] INFO  o.e.m.c.i.embedder.EclipseLogger - skip non existing resourceDirectory /home/christianzen/Tools/workspace/rMNPLY/src/test/resources
2016-04-27 14:38:54,452 [Worker-4] INFO  o.e.m.c.i.embedder.EclipseLogger - Using 'UTF-8' encoding to copy filtered resources.
2016-04-27 14:38:54,452 [Worker-4] INFO  o.e.m.c.i.embedder.EclipseLogger - skip non existing resourceDirectory /home/christianzen/Tools/workspace/rMNPLY/src/main/resources
2016-04-27 14:38:54,454 [Worker-4] INFO  o.e.m.c.i.embedder.EclipseLogger - Using 'UTF-8' encoding to copy filtered resources.
2016-04-27 14:38:54,454 [Worker-4] INFO  o.e.m.c.i.embedder.EclipseLogger - skip non existing resourceDirectory /home/christianzen/Tools/workspace/rMNPLY/src/test/resources
2016-04-27 14:39:58,976 [Worker-15] INFO  o.e.m.c.i.embedder.EclipseLogger - Using 'UTF-8' encoding to copy filtered resources.
2016-04-27 14:39:58,976 [Worker-15] INFO  o.e.m.c.i.embedder.EclipseLogger - skip non existing resourceDirectory /home/christianzen/Tools/workspace/rMNPLY/src/main/resources
2016-04-27 14:39:58,978 [Worker-15] INFO  o.e.m.c.i.embedder.EclipseLogger - Using 'UTF-8' encoding to copy filtered resources.
2016-04-27 14:39:58,978 [Worker-15] INFO  o.e.m.c.i.embedder.EclipseLogger - skip non existing resourceDirectory /home/christianzen/Tools/workspace/rMNPLY/src/test/resources
2016-04-27 14:40:00,579 [Worker-15] INFO  o.e.m.c.i.embedder.EclipseLogger - Using 'UTF-8' encoding to copy filtered resources.
2016-04-27 14:40:00,580 [Worker-15] INFO  o.e.m.c.i.embedder.EclipseLogger - skip non existing resourceDirectory /home/christianzen/Tools/workspace/rMNPLY/src/main/resources
2016-04-27 14:40:00,581 [Worker-15] INFO  o.e.m.c.i.embedder.EclipseLogger - Using 'UTF-8' encoding to copy filtered resources.
2016-04-27 14:40:00,581 [Worker-15] INFO  o.e.m.c.i.embedder.EclipseLogger - skip non existing resourceDirectory /home/christianzen/Tools/workspace/rMNPLY/src/test/resources
2016-04-27 14:40:05,803 [Worker-4] INFO  o.e.m.c.i.embedder.EclipseLogger - Using 'UTF-8' encoding to copy filtered resources.
2016-04-27 14:40:05,803 [Worker-4] INFO  o.e.m.c.i.embedder.EclipseLogger - skip non existing resourceDirectory /home/christianzen/Tools/workspace/rMNPLY/src/main/resources
2016-04-27 14:40:05,805 [Worker-4] INFO  o.e.m.c.i.embedder.EclipseLogger - Using 'UTF-8' encoding to copy filtered resources.
2016-04-27 14:40:05,806 [Worker-4] INFO  o.e.m.c.i.embedder.EclipseLogger - skip non existing resourceDirectory /home/christianzen/Tools/workspace/rMNPLY/src/test/resources
2016-04-27 14:40:57,633 [Worker-20] INFO  o.e.m.c.i.embedder.EclipseLogger - Using 'UTF-8' encoding to copy filtered resources.
2016-04-27 14:40:57,634 [Worker-20] INFO  o.e.m.c.i.embedder.EclipseLogger - skip non existing resourceDirectory /home/christianzen/Tools/workspace/rMNPLY/src/main/resources
2016-04-27 14:40:57,636 [Worker-20] INFO  o.e.m.c.i.embedder.EclipseLogger - Using 'UTF-8' encoding to copy filtered resources.
2016-04-27 14:40:57,636 [Worker-20] INFO  o.e.m.c.i.embedder.EclipseLogger - skip non existing resourceDirectory /home/christianzen/Tools/workspace/rMNPLY/src/test/resources
2016-04-27 14:41:10,702 [Worker-16] INFO  o.e.m.c.i.embedder.EclipseLogger - Using 'UTF-8' encoding to copy filtered resources.
2016-04-27 14:41:10,703 [Worker-16] INFO  o.e.m.c.i.embedder.EclipseLogger - skip non existing resourceDirectory /home/christianzen/Tools/workspace/rMNPLY/src/main/resources
2016-04-27 14:41:10,706 [Worker-16] INFO  o.e.m.c.i.embedder.EclipseLogger - Using 'UTF-8' encoding to copy filtered resources.
2016-04-27 14:41:10,706 [Worker-16] INFO  o.e.m.c.i.embedder.EclipseLogger - skip non existing resourceDirectory /home/christianzen/Tools/workspace/rMNPLY/src/test/resources
2016-04-27 14:41:27,001 [Worker-1] INFO  o.e.m.c.i.embedder.EclipseLogger - Using 'UTF-8' encoding to copy filtered resources.
2016-04-27 14:41:27,001 [Worker-1] INFO  o.e.m.c.i.embedder.EclipseLogger - skip non existing resourceDirectory /home/christianzen/Tools/workspace/rMNPLY/src/main/resources
2016-04-27 14:41:27,003 [Worker-1] INFO  o.e.m.c.i.embedder.EclipseLogger - Using 'UTF-8' encoding to copy filtered resources.
2016-04-27 14:41:27,003 [Worker-1] INFO  o.e.m.c.i.embedder.EclipseLogger - skip non existing resourceDirectory /home/christianzen/Tools/workspace/rMNPLY/src/test/resources
2016-04-27 14:41:34,126 [Worker-11] INFO  o.e.m.c.i.embedder.EclipseLogger - Using 'UTF-8' encoding to copy filtered resources.
2016-04-27 14:41:34,126 [Worker-11] INFO  o.e.m.c.i.embedder.EclipseLogger - skip non existing resourceDirectory /home/christianzen/Tools/workspace/rMNPLY/src/main/resources
2016-04-27 14:41:34,127 [Worker-11] INFO  o.e.m.c.i.embedder.EclipseLogger - Using 'UTF-8' encoding to copy filtered resources.
2016-04-27 14:41:34,128 [Worker-11] INFO  o.e.m.c.i.embedder.EclipseLogger - skip non existing resourceDirectory /home/christianzen/Tools/workspace/rMNPLY/src/test/resources
2016-04-27 14:41:47,864 [Worker-20] INFO  o.e.m.c.i.embedder.EclipseLogger - Using 'UTF-8' encoding to copy filtered resources.
2016-04-27 14:41:47,864 [Worker-20] INFO  o.e.m.c.i.embedder.EclipseLogger - skip non existing resourceDirectory /home/christianzen/Tools/workspace/rMNPLY/src/main/resources
2016-04-27 14:41:47,866 [Worker-20] INFO  o.e.m.c.i.embedder.EclipseLogger - Using 'UTF-8' encoding to copy filtered resources.
2016-04-27 14:41:47,866 [Worker-20] INFO  o.e.m.c.i.embedder.EclipseLogger - skip non existing resourceDirectory /home/christianzen/Tools/workspace/rMNPLY/src/test/resources
2016-04-27 14:42:04,481 [Worker-11] INFO  o.e.m.c.i.embedder.EclipseLogger - Using 'UTF-8' encoding to copy filtered resources.
2016-04-27 14:42:04,481 [Worker-11] INFO  o.e.m.c.i.embedder.EclipseLogger - skip non existing resourceDirectory /home/christianzen/Tools/workspace/rMNPLY/src/main/resources
2016-04-27 14:42:04,482 [Worker-11] INFO  o.e.m.c.i.embedder.EclipseLogger - Using 'UTF-8' encoding to copy filtered resources.
2016-04-27 14:42:04,482 [Worker-11] INFO  o.e.m.c.i.embedder.EclipseLogger - skip non existing resourceDirectory /home/christianzen/Tools/workspace/rMNPLY/src/test/resources
2016-04-27 14:42:18,728 [Worker-15] INFO  o.e.m.c.i.embedder.EclipseLogger - Using 'UTF-8' encoding to copy filtered resources.
2016-04-27 14:42:18,728 [Worker-15] INFO  o.e.m.c.i.embedder.EclipseLogger - skip non existing resourceDirectory /home/christianzen/Tools/workspace/rMNPLY/src/main/resources
2016-04-27 14:42:18,731 [Worker-15] INFO  o.e.m.c.i.embedder.EclipseLogger - Using 'UTF-8' encoding to copy filtered resources.
2016-04-27 14:42:18,731 [Worker-15] INFO  o.e.m.c.i.embedder.EclipseLogger - skip non existing resourceDirectory /home/christianzen/Tools/workspace/rMNPLY/src/test/resources
2016-04-27 14:42:29,454 [Worker-6] INFO  o.e.m.c.i.embedder.EclipseLogger - Using 'UTF-8' encoding to copy filtered resources.
2016-04-27 14:42:29,455 [Worker-6] INFO  o.e.m.c.i.embedder.EclipseLogger - skip non existing resourceDirectory /home/christianzen/Tools/workspace/rMNPLY/src/main/resources
2016-04-27 14:42:29,456 [Worker-6] INFO  o.e.m.c.i.embedder.EclipseLogger - Using 'UTF-8' encoding to copy filtered resources.
2016-04-27 14:42:29,456 [Worker-6] INFO  o.e.m.c.i.embedder.EclipseLogger - skip non existing resourceDirectory /home/christianzen/Tools/workspace/rMNPLY/src/test/resources
2016-04-27 14:42:40,417 [Worker-11] INFO  o.e.m.c.i.embedder.EclipseLogger - Using 'UTF-8' encoding to copy filtered resources.
2016-04-27 14:42:40,417 [Worker-11] INFO  o.e.m.c.i.embedder.EclipseLogger - skip non existing resourceDirectory /home/christianzen/Tools/workspace/rMNPLY/src/main/resources
2016-04-27 14:42:40,419 [Worker-11] INFO  o.e.m.c.i.embedder.EclipseLogger - Using 'UTF-8' encoding to copy filtered resources.
2016-04-27 14:42:40,419 [Worker-11] INFO  o.e.m.c.i.embedder.EclipseLogger - skip non existing resourceDirectory /home/christianzen/Tools/workspace/rMNPLY/src/test/resources
2016-04-27 14:42:55,259 [Worker-21] INFO  o.e.m.c.i.embedder.EclipseLogger - Using 'UTF-8' encoding to copy filtered resources.
2016-04-27 14:42:55,260 [Worker-21] INFO  o.e.m.c.i.embedder.EclipseLogger - skip non existing resourceDirectory /home/christianzen/Tools/workspace/rMNPLY/src/main/resources
2016-04-27 14:42:55,263 [Worker-21] INFO  o.e.m.c.i.embedder.EclipseLogger - Using 'UTF-8' encoding to copy filtered resources.
2016-04-27 14:42:55,263 [Worker-21] INFO  o.e.m.c.i.embedder.EclipseLogger - skip non existing resourceDirectory /home/christianzen/Tools/workspace/rMNPLY/src/test/resources
2016-04-27 14:43:20,912 [Worker-15] INFO  o.e.m.c.i.embedder.EclipseLogger - Using 'UTF-8' encoding to copy filtered resources.
2016-04-27 14:43:20,912 [Worker-15] INFO  o.e.m.c.i.embedder.EclipseLogger - skip non existing resourceDirectory /home/christianzen/Tools/workspace/rMNPLY/src/main/resources
2016-04-27 14:43:20,925 [Worker-15] INFO  o.e.m.c.i.embedder.EclipseLogger - Using 'UTF-8' encoding to copy filtered resources.
2016-04-27 14:43:20,925 [Worker-15] INFO  o.e.m.c.i.embedder.EclipseLogger - skip non existing resourceDirectory /home/christianzen/Tools/workspace/rMNPLY/src/test/resources
2016-04-27 14:43:35,309 [main] INFO  o.e.m2e.actions.ExecutePomAction - Creating new launch configuration
2016-04-27 14:43:40,347 [Worker-4] INFO  o.e.m.i.launch.MavenLaunchDelegate - /home/christianzen/Tools/workspace/rMNPLY
2016-04-27 14:43:40,347 [Worker-4] INFO  o.e.m.i.launch.MavenLaunchDelegate -  mvn  -B package
2016-04-27 14:44:28,473 [Worker-16] INFO  o.e.m.c.i.l.LifecycleMappingFactory - Using org.eclipse.m2e.jdt.JarLifecycleMapping lifecycle mapping for MavenProject: rMNPLY:rMNPLY:0.0.1-SNAPSHOT @ /home/christianzen/Tools/workspace/rMNPLY/pom.xml.
2016-04-27 14:44:28,819 [Worker-16] INFO  o.e.m.c.i.embedder.EclipseLogger - Using 'UTF-8' encoding to copy filtered resources.
2016-04-27 14:44:28,820 [Worker-16] INFO  o.e.m.c.i.embedder.EclipseLogger - skip non existing resourceDirectory /home/christianzen/Tools/workspace/rMNPLY/src/main/resources
2016-04-27 14:44:28,822 [Worker-16] INFO  o.e.m.c.i.embedder.EclipseLogger - Using 'UTF-8' encoding to copy filtered resources.
2016-04-27 14:44:28,823 [Worker-16] INFO  o.e.m.c.i.embedder.EclipseLogger - skip non existing resourceDirectory /home/christianzen/Tools/workspace/rMNPLY/src/test/resources
2016-04-27 14:46:01,456 [main] INFO  o.e.m2e.actions.ExecutePomAction - Using existing launch configuration
2016-04-27 14:46:02,147 [Worker-10] INFO  o.e.m.i.launch.MavenLaunchDelegate - /home/christianzen/Tools/workspace/rMNPLY
2016-04-27 14:46:02,147 [Worker-10] INFO  o.e.m.i.launch.MavenLaunchDelegate -  mvn  -B package
2016-04-27 14:47:54,231 [Worker-17] INFO  o.e.m.c.i.l.LifecycleMappingFactory - Using org.eclipse.m2e.jdt.JarLifecycleMapping lifecycle mapping for MavenProject: rMNPLY:rMNPLY:0.0.1-SNAPSHOT @ /home/christianzen/Tools/workspace/rMNPLY/pom.xml.
2016-04-27 14:47:54,669 [Worker-17] INFO  o.e.m.c.i.embedder.EclipseLogger - Using 'UTF-8' encoding to copy filtered resources.
2016-04-27 14:47:54,669 [Worker-17] INFO  o.e.m.c.i.embedder.EclipseLogger - skip non existing resourceDirectory /home/christianzen/Tools/workspace/rMNPLY/src/main/resources
2016-04-27 14:47:54,671 [Worker-17] INFO  o.e.m.c.i.embedder.EclipseLogger - Using 'UTF-8' encoding to copy filtered resources.
2016-04-27 14:47:54,671 [Worker-17] INFO  o.e.m.c.i.embedder.EclipseLogger - skip non existing resourceDirectory /home/christianzen/Tools/workspace/rMNPLY/src/test/resources
2016-04-27 14:48:20,243 [Worker-10] INFO  o.e.m.c.i.l.LifecycleMappingFactory - Using org.eclipse.m2e.jdt.JarLifecycleMapping lifecycle mapping for MavenProject: rMNPLY:rMNPLY:0.0.1-SNAPSHOT @ /home/christianzen/Tools/workspace/rMNPLY/pom.xml.
2016-04-27 14:48:20,590 [Worker-10] INFO  o.e.m.c.i.embedder.EclipseLogger - Using 'UTF-8' encoding to copy filtered resources.
2016-04-27 14:48:20,591 [Worker-10] INFO  o.e.m.c.i.embedder.EclipseLogger - skip non existing resourceDirectory /home/christianzen/Tools/workspace/rMNPLY/src/main/resources
2016-04-27 14:48:20,593 [Worker-10] INFO  o.e.m.c.i.embedder.EclipseLogger - Using 'UTF-8' encoding to copy filtered resources.
2016-04-27 14:48:20,593 [Worker-10] INFO  o.e.m.c.i.embedder.EclipseLogger - skip non existing resourceDirectory /home/christianzen/Tools/workspace/rMNPLY/src/test/resources
2016-04-27 14:48:31,610 [Worker-20] INFO  o.e.m.c.i.l.LifecycleMappingFactory - Using org.eclipse.m2e.jdt.JarLifecycleMapping lifecycle mapping for MavenProject: rMNPLY:rMNPLY:0.0.1-SNAPSHOT @ /home/christianzen/Tools/workspace/rMNPLY/pom.xml.
2016-04-27 14:48:31,998 [Worker-20] INFO  o.e.m.c.i.embedder.EclipseLogger - Using 'UTF-8' encoding to copy filtered resources.
2016-04-27 14:48:31,998 [Worker-20] INFO  o.e.m.c.i.embedder.EclipseLogger - skip non existing resourceDirectory /home/christianzen/Tools/workspace/rMNPLY/src/main/resources
2016-04-27 14:48:32,000 [Worker-20] INFO  o.e.m.c.i.embedder.EclipseLogger - Using 'UTF-8' encoding to copy filtered resources.
2016-04-27 14:48:32,000 [Worker-20] INFO  o.e.m.c.i.embedder.EclipseLogger - skip non existing resourceDirectory /home/christianzen/Tools/workspace/rMNPLY/src/test/resources
2016-04-27 14:48:55,278 [Worker-18] INFO  o.e.m.c.i.l.LifecycleMappingFactory - Using org.eclipse.m2e.jdt.JarLifecycleMapping lifecycle mapping for MavenProject: rMNPLY:rMNPLY:0.0.1-SNAPSHOT @ /home/christianzen/Tools/workspace/rMNPLY/pom.xml.
2016-04-27 14:48:55,637 [Worker-18] INFO  o.e.m.c.i.embedder.EclipseLogger - Using 'UTF-8' encoding to copy filtered resources.
2016-04-27 14:48:55,637 [Worker-18] INFO  o.e.m.c.i.embedder.EclipseLogger - skip non existing resourceDirectory /home/christianzen/Tools/workspace/rMNPLY/src/main/resources
2016-04-27 14:48:55,640 [Worker-18] INFO  o.e.m.c.i.embedder.EclipseLogger - Using 'UTF-8' encoding to copy filtered resources.
2016-04-27 14:48:55,640 [Worker-18] INFO  o.e.m.c.i.embedder.EclipseLogger - skip non existing resourceDirectory /home/christianzen/Tools/workspace/rMNPLY/src/test/resources
2016-04-27 14:49:18,976 [Worker-6] INFO  o.e.m.c.i.l.LifecycleMappingFactory - Using org.eclipse.m2e.jdt.JarLifecycleMapping lifecycle mapping for MavenProject: rMNPLY:rMNPLY:0.0.1-SNAPSHOT @ /home/christianzen/Tools/workspace/rMNPLY/pom.xml.
2016-04-27 14:49:19,352 [Worker-6] INFO  o.e.m.c.i.embedder.EclipseLogger - Using 'UTF-8' encoding to copy filtered resources.
2016-04-27 14:49:19,353 [Worker-6] INFO  o.e.m.c.i.embedder.EclipseLogger - skip non existing resourceDirectory /home/christianzen/Tools/workspace/rMNPLY/src/main/resources
2016-04-27 14:49:19,355 [Worker-6] INFO  o.e.m.c.i.embedder.EclipseLogger - Using 'UTF-8' encoding to copy filtered resources.
2016-04-27 14:49:19,355 [Worker-6] INFO  o.e.m.c.i.embedder.EclipseLogger - skip non existing resourceDirectory /home/christianzen/Tools/workspace/rMNPLY/src/test/resources
2016-04-27 14:49:20,949 [Worker-20] INFO  o.e.m.c.i.l.LifecycleMappingFactory - Using org.eclipse.m2e.jdt.JarLifecycleMapping lifecycle mapping for MavenProject: rMNPLY:rMNPLY:0.0.1-SNAPSHOT @ /home/christianzen/Tools/workspace/rMNPLY/pom.xml.
2016-04-27 14:49:21,328 [Worker-20] INFO  o.e.m.c.i.embedder.EclipseLogger - Using 'UTF-8' encoding to copy filtered resources.
2016-04-27 14:49:21,329 [Worker-20] INFO  o.e.m.c.i.embedder.EclipseLogger - skip non existing resourceDirectory /home/christianzen/Tools/workspace/rMNPLY/src/main/resources
2016-04-27 14:49:21,331 [Worker-20] INFO  o.e.m.c.i.embedder.EclipseLogger - Using 'UTF-8' encoding to copy filtered resources.
2016-04-27 14:49:21,332 [Worker-20] INFO  o.e.m.c.i.embedder.EclipseLogger - skip non existing resourceDirectory /home/christianzen/Tools/workspace/rMNPLY/src/test/resources
2016-04-27 14:49:24,235 [main] INFO  o.e.m2e.actions.ExecutePomAction - Using existing launch configuration
2016-04-27 14:49:24,710 [Worker-21] INFO  o.e.m.i.launch.MavenLaunchDelegate - /home/christianzen/Tools/workspace/rMNPLY
2016-04-27 14:49:24,711 [Worker-21] INFO  o.e.m.i.launch.MavenLaunchDelegate -  mvn  -B package
2016-04-27 15:00:23,723 [Worker-17] INFO  o.e.m.c.i.embedder.EclipseLogger - Using 'UTF-8' encoding to copy filtered resources.
2016-04-27 15:00:23,723 [Worker-17] INFO  o.e.m.c.i.embedder.EclipseLogger - skip non existing resourceDirectory /home/christianzen/Tools/workspace/rMNPLY/src/main/resources
2016-04-27 15:00:23,728 [Worker-17] INFO  o.e.m.c.i.embedder.EclipseLogger - Using 'UTF-8' encoding to copy filtered resources.
2016-04-27 15:00:23,729 [Worker-17] INFO  o.e.m.c.i.embedder.EclipseLogger - skip non existing resourceDirectory /home/christianzen/Tools/workspace/rMNPLY/src/test/resources
2016-04-27 15:00:24,737 [Worker-18] INFO  o.e.m.c.i.embedder.EclipseLogger - Using 'UTF-8' encoding to copy filtered resources.
2016-04-27 15:00:24,738 [Worker-18] INFO  o.e.m.c.i.embedder.EclipseLogger - skip non existing resourceDirectory /home/christianzen/Tools/workspace/rMNPLY/src/main/resources
2016-04-27 15:00:24,739 [Worker-18] INFO  o.e.m.c.i.embedder.EclipseLogger - Using 'UTF-8' encoding to copy filtered resources.
2016-04-27 15:00:24,739 [Worker-18] INFO  o.e.m.c.i.embedder.EclipseLogger - skip non existing resourceDirectory /home/christianzen/Tools/workspace/rMNPLY/src/test/resources
2016-04-27 15:00:55,634 [Worker-18] INFO  o.e.m.c.i.embedder.EclipseLogger - Using 'UTF-8' encoding to copy filtered resources.
2016-04-27 15:00:55,634 [Worker-18] INFO  o.e.m.c.i.embedder.EclipseLogger - skip non existing resourceDirectory /home/christianzen/Tools/workspace/rMNPLY/src/main/resources
2016-04-27 15:00:55,635 [Worker-18] INFO  o.e.m.c.i.embedder.EclipseLogger - Using 'UTF-8' encoding to copy filtered resources.
2016-04-27 15:00:55,635 [Worker-18] INFO  o.e.m.c.i.embedder.EclipseLogger - skip non existing resourceDirectory /home/christianzen/Tools/workspace/rMNPLY/src/test/resources
2016-04-27 15:00:58,218 [Worker-6] INFO  o.e.m.i.launch.MavenLaunchDelegate - /home/christianzen/Tools/workspace/rMNPLY
2016-04-27 15:00:58,218 [Worker-6] INFO  o.e.m.i.launch.MavenLaunchDelegate -  mvn  -B package
2016-04-27 15:04:16,580 [Worker-18] INFO  o.e.m.c.i.embedder.EclipseLogger - Using 'UTF-8' encoding to copy filtered resources.
2016-04-27 15:04:16,581 [Worker-18] INFO  o.e.m.c.i.embedder.EclipseLogger - skip non existing resourceDirectory /home/christianzen/Tools/workspace/rMNPLY/src/main/resources
2016-04-27 15:04:16,585 [Worker-18] INFO  o.e.m.c.i.embedder.EclipseLogger - Using 'UTF-8' encoding to copy filtered resources.
2016-04-27 15:04:16,585 [Worker-18] INFO  o.e.m.c.i.embedder.EclipseLogger - skip non existing resourceDirectory /home/christianzen/Tools/workspace/rMNPLY/src/test/resources
2016-04-27 15:04:17,660 [Worker-11] INFO  o.e.m.c.i.embedder.EclipseLogger - Using 'UTF-8' encoding to copy filtered resources.
2016-04-27 15:04:17,661 [Worker-11] INFO  o.e.m.c.i.embedder.EclipseLogger - skip non existing resourceDirectory /home/christianzen/Tools/workspace/rMNPLY/src/main/resources
2016-04-27 15:04:17,662 [Worker-11] INFO  o.e.m.c.i.embedder.EclipseLogger - Using 'UTF-8' encoding to copy filtered resources.
2016-04-27 15:04:17,662 [Worker-11] INFO  o.e.m.c.i.embedder.EclipseLogger - skip non existing resourceDirectory /home/christianzen/Tools/workspace/rMNPLY/src/test/resources
2016-04-27 15:04:29,411 [Worker-21] INFO  o.e.m.c.i.embedder.EclipseLogger - Using 'UTF-8' encoding to copy filtered resources.
2016-04-27 15:04:29,412 [Worker-21] INFO  o.e.m.c.i.embedder.EclipseLogger - skip non existing resourceDirectory /home/christianzen/Tools/workspace/rMNPLY/src/main/resources
2016-04-27 15:04:29,414 [Worker-21] INFO  o.e.m.c.i.embedder.EclipseLogger - Using 'UTF-8' encoding to copy filtered resources.
2016-04-27 15:04:29,415 [Worker-21] INFO  o.e.m.c.i.embedder.EclipseLogger - skip non existing resourceDirectory /home/christianzen/Tools/workspace/rMNPLY/src/test/resources
2016-04-27 15:06:12,220 [Worker-6] INFO  o.e.m.c.i.embedder.EclipseLogger - Using 'UTF-8' encoding to copy filtered resources.
2016-04-27 15:06:12,220 [Worker-6] INFO  o.e.m.c.i.embedder.EclipseLogger - skip non existing resourceDirectory /home/christianzen/Tools/workspace/rMNPLY/src/main/resources
2016-04-27 15:06:12,223 [Worker-6] INFO  o.e.m.c.i.embedder.EclipseLogger - Using 'UTF-8' encoding to copy filtered resources.
2016-04-27 15:06:12,223 [Worker-6] INFO  o.e.m.c.i.embedder.EclipseLogger - skip non existing resourceDirectory /home/christianzen/Tools/workspace/rMNPLY/src/test/resources
2016-04-27 15:10:45,905 [Worker-24] INFO  o.e.m.c.i.embedder.EclipseLogger - Using 'UTF-8' encoding to copy filtered resources.
2016-04-27 15:10:45,905 [Worker-24] INFO  o.e.m.c.i.embedder.EclipseLogger - skip non existing resourceDirectory /home/christianzen/Tools/workspace/rMNPLY/src/main/resources
2016-04-27 15:10:45,907 [Worker-24] INFO  o.e.m.c.i.embedder.EclipseLogger - Using 'UTF-8' encoding to copy filtered resources.
2016-04-27 15:10:45,907 [Worker-24] INFO  o.e.m.c.i.embedder.EclipseLogger - skip non existing resourceDirectory /home/christianzen/Tools/workspace/rMNPLY/src/test/resources
2016-04-27 15:11:06,557 [Worker-17] INFO  o.e.m.c.i.embedder.EclipseLogger - Using 'UTF-8' encoding to copy filtered resources.
2016-04-27 15:11:06,558 [Worker-17] INFO  o.e.m.c.i.embedder.EclipseLogger - skip non existing resourceDirectory /home/christianzen/Tools/workspace/rMNPLY/src/main/resources
2016-04-27 15:11:06,563 [Worker-17] INFO  o.e.m.c.i.embedder.EclipseLogger - Using 'UTF-8' encoding to copy filtered resources.
2016-04-27 15:11:06,563 [Worker-17] INFO  o.e.m.c.i.embedder.EclipseLogger - skip non existing resourceDirectory /home/christianzen/Tools/workspace/rMNPLY/src/test/resources
2016-04-27 15:11:32,668 [Worker-11] INFO  o.e.m.c.i.embedder.EclipseLogger - Using 'UTF-8' encoding to copy filtered resources.
2016-04-27 15:11:32,668 [Worker-11] INFO  o.e.m.c.i.embedder.EclipseLogger - skip non existing resourceDirectory /home/christianzen/Tools/workspace/rMNPLY/src/main/resources
2016-04-27 15:11:32,669 [Worker-11] INFO  o.e.m.c.i.embedder.EclipseLogger - Using 'UTF-8' encoding to copy filtered resources.
2016-04-27 15:11:32,669 [Worker-11] INFO  o.e.m.c.i.embedder.EclipseLogger - skip non existing resourceDirectory /home/christianzen/Tools/workspace/rMNPLY/src/test/resources
2016-04-27 15:11:33,738 [Worker-18] INFO  o.e.m.c.i.embedder.EclipseLogger - Using 'UTF-8' encoding to copy filtered resources.
2016-04-27 15:11:33,739 [Worker-18] INFO  o.e.m.c.i.embedder.EclipseLogger - skip non existing resourceDirectory /home/christianzen/Tools/workspace/rMNPLY/src/main/resources
2016-04-27 15:11:33,740 [Worker-18] INFO  o.e.m.c.i.embedder.EclipseLogger - Using 'UTF-8' encoding to copy filtered resources.
2016-04-27 15:11:33,740 [Worker-18] INFO  o.e.m.c.i.embedder.EclipseLogger - skip non existing resourceDirectory /home/christianzen/Tools/workspace/rMNPLY/src/test/resources
2016-04-27 15:11:57,367 [Worker-24] INFO  o.e.m.c.i.embedder.EclipseLogger - Using 'UTF-8' encoding to copy filtered resources.
2016-04-27 15:11:57,368 [Worker-24] INFO  o.e.m.c.i.embedder.EclipseLogger - skip non existing resourceDirectory /home/christianzen/Tools/workspace/rMNPLY/src/main/resources
2016-04-27 15:11:57,369 [Worker-24] INFO  o.e.m.c.i.embedder.EclipseLogger - Using 'UTF-8' encoding to copy filtered resources.
2016-04-27 15:11:57,369 [Worker-24] INFO  o.e.m.c.i.embedder.EclipseLogger - skip non existing resourceDirectory /home/christianzen/Tools/workspace/rMNPLY/src/test/resources
2016-04-27 15:12:03,804 [Worker-24] INFO  o.e.m.c.i.embedder.EclipseLogger - Using 'UTF-8' encoding to copy filtered resources.
2016-04-27 15:12:03,804 [Worker-24] INFO  o.e.m.c.i.embedder.EclipseLogger - skip non existing resourceDirectory /home/christianzen/Tools/workspace/rMNPLY/src/main/resources
2016-04-27 15:12:03,806 [Worker-24] INFO  o.e.m.c.i.embedder.EclipseLogger - Using 'UTF-8' encoding to copy filtered resources.
2016-04-27 15:12:03,806 [Worker-24] INFO  o.e.m.c.i.embedder.EclipseLogger - skip non existing resourceDirectory /home/christianzen/Tools/workspace/rMNPLY/src/test/resources
2016-04-27 15:12:43,860 [Worker-23] INFO  o.e.m.i.launch.MavenLaunchDelegate - /home/christianzen/Tools/workspace/rMNPLY
2016-04-27 15:12:43,860 [Worker-23] INFO  o.e.m.i.launch.MavenLaunchDelegate -  mvn  -B package
2016-04-27 15:26:08,695 [Worker-17] INFO  o.e.m.c.i.embedder.EclipseLogger - Using 'UTF-8' encoding to copy filtered resources.
2016-04-27 15:26:08,695 [Worker-17] INFO  o.e.m.c.i.embedder.EclipseLogger - skip non existing resourceDirectory /home/christianzen/Tools/workspace/rMNPLY/src/main/resources
2016-04-27 15:26:08,696 [Worker-17] INFO  o.e.m.c.i.embedder.EclipseLogger - Using 'UTF-8' encoding to copy filtered resources.
2016-04-27 15:26:08,696 [Worker-17] INFO  o.e.m.c.i.embedder.EclipseLogger - skip non existing resourceDirectory /home/christianzen/Tools/workspace/rMNPLY/src/test/resources
2016-04-27 15:26:09,765 [Worker-25] INFO  o.e.m.c.i.embedder.EclipseLogger - Using 'UTF-8' encoding to copy filtered resources.
2016-04-27 15:26:09,766 [Worker-25] INFO  o.e.m.c.i.embedder.EclipseLogger - skip non existing resourceDirectory /home/christianzen/Tools/workspace/rMNPLY/src/main/resources
2016-04-27 15:26:09,769 [Worker-25] INFO  o.e.m.c.i.embedder.EclipseLogger - Using 'UTF-8' encoding to copy filtered resources.
2016-04-27 15:26:09,769 [Worker-25] INFO  o.e.m.c.i.embedder.EclipseLogger - skip non existing resourceDirectory /home/christianzen/Tools/workspace/rMNPLY/src/test/resources
2016-04-27 15:26:59,639 [Worker-24] INFO  o.e.m.c.i.embedder.EclipseLogger - Using 'UTF-8' encoding to copy filtered resources.
2016-04-27 15:26:59,639 [Worker-24] INFO  o.e.m.c.i.embedder.EclipseLogger - skip non existing resourceDirectory /home/christianzen/Tools/workspace/rMNPLY/src/main/resources
2016-04-27 15:26:59,640 [Worker-24] INFO  o.e.m.c.i.embedder.EclipseLogger - Using 'UTF-8' encoding to copy filtered resources.
2016-04-27 15:26:59,640 [Worker-24] INFO  o.e.m.c.i.embedder.EclipseLogger - skip non existing resourceDirectory /home/christianzen/Tools/workspace/rMNPLY/src/test/resources
2016-04-27 15:27:14,619 [Worker-18] INFO  o.e.m.c.i.embedder.EclipseLogger - Using 'UTF-8' encoding to copy filtered resources.
2016-04-27 15:27:14,620 [Worker-18] INFO  o.e.m.c.i.embedder.EclipseLogger - skip non existing resourceDirectory /home/christianzen/Tools/workspace/rMNPLY/src/main/resources
2016-04-27 15:27:14,621 [Worker-18] INFO  o.e.m.c.i.embedder.EclipseLogger - Using 'UTF-8' encoding to copy filtered resources.
2016-04-27 15:27:14,621 [Worker-18] INFO  o.e.m.c.i.embedder.EclipseLogger - skip non existing resourceDirectory /home/christianzen/Tools/workspace/rMNPLY/src/test/resources
2016-04-27 15:27:45,317 [main] INFO  o.e.m2e.actions.ExecutePomAction - Using existing launch configuration
2016-04-27 15:27:45,434 [Worker-25] INFO  o.e.m.i.launch.MavenLaunchDelegate - /home/christianzen/Tools/workspace/rMNPLY
2016-04-27 15:27:45,434 [Worker-25] INFO  o.e.m.i.launch.MavenLaunchDelegate -  mvn  -B package
2016-04-27 15:28:45,249 [Worker-24] INFO  o.e.m.c.i.embedder.EclipseLogger - Using 'UTF-8' encoding to copy filtered resources.
2016-04-27 15:28:45,249 [Worker-24] INFO  o.e.m.c.i.embedder.EclipseLogger - skip non existing resourceDirectory /home/christianzen/Tools/workspace/rMNPLY/src/main/resources
2016-04-27 15:28:45,251 [Worker-24] INFO  o.e.m.c.i.embedder.EclipseLogger - Using 'UTF-8' encoding to copy filtered resources.
2016-04-27 15:28:45,251 [Worker-24] INFO  o.e.m.c.i.embedder.EclipseLogger - skip non existing resourceDirectory /home/christianzen/Tools/workspace/rMNPLY/src/test/resources
2016-04-27 15:41:38,816 [Worker-25] INFO  o.e.m.c.i.embedder.EclipseLogger - Using 'UTF-8' encoding to copy filtered resources.
2016-04-27 15:41:38,816 [Worker-25] INFO  o.e.m.c.i.embedder.EclipseLogger - skip non existing resourceDirectory /home/christianzen/Tools/workspace/rMNPLY/src/main/resources
2016-04-27 15:41:38,817 [Worker-25] INFO  o.e.m.c.i.embedder.EclipseLogger - Using 'UTF-8' encoding to copy filtered resources.
2016-04-27 15:41:38,817 [Worker-25] INFO  o.e.m.c.i.embedder.EclipseLogger - skip non existing resourceDirectory /home/christianzen/Tools/workspace/rMNPLY/src/test/resources
2016-04-27 15:41:56,351 [main] INFO  o.e.m2e.actions.ExecutePomAction - Using existing launch configuration
2016-04-27 15:41:56,460 [Worker-23] INFO  o.e.m.i.launch.MavenLaunchDelegate - /home/christianzen/Tools/workspace/rMNPLY
2016-04-27 15:41:56,461 [Worker-23] INFO  o.e.m.i.launch.MavenLaunchDelegate -  mvn  -B package
2016-04-27 15:42:49,272 [Worker-26] INFO  o.e.m.c.i.embedder.EclipseLogger - Using 'UTF-8' encoding to copy filtered resources.
2016-04-27 15:42:49,273 [Worker-26] INFO  o.e.m.c.i.embedder.EclipseLogger - skip non existing resourceDirectory /home/christianzen/Tools/workspace/rMNPLY/src/main/resources
2016-04-27 15:42:49,274 [Worker-26] INFO  o.e.m.c.i.embedder.EclipseLogger - Using 'UTF-8' encoding to copy filtered resources.
2016-04-27 15:42:49,274 [Worker-26] INFO  o.e.m.c.i.embedder.EclipseLogger - skip non existing resourceDirectory /home/christianzen/Tools/workspace/rMNPLY/src/test/resources
2016-04-27 15:42:50,336 [Worker-27] INFO  o.e.m.c.i.embedder.EclipseLogger - Using 'UTF-8' encoding to copy filtered resources.
2016-04-27 15:42:50,336 [Worker-27] INFO  o.e.m.c.i.embedder.EclipseLogger - skip non existing resourceDirectory /home/christianzen/Tools/workspace/rMNPLY/src/main/resources
2016-04-27 15:42:50,341 [Worker-27] INFO  o.e.m.c.i.embedder.EclipseLogger - Using 'UTF-8' encoding to copy filtered resources.
2016-04-27 15:42:50,342 [Worker-27] INFO  o.e.m.c.i.embedder.EclipseLogger - skip non existing resourceDirectory /home/christianzen/Tools/workspace/rMNPLY/src/test/resources
2016-04-27 15:44:07,559 [Worker-26] INFO  o.e.m.c.i.embedder.EclipseLogger - Using 'UTF-8' encoding to copy filtered resources.
2016-04-27 15:44:07,559 [Worker-26] INFO  o.e.m.c.i.embedder.EclipseLogger - skip non existing resourceDirectory /home/christianzen/Tools/workspace/rMNPLY/src/main/resources
2016-04-27 15:44:07,561 [Worker-26] INFO  o.e.m.c.i.embedder.EclipseLogger - Using 'UTF-8' encoding to copy filtered resources.
2016-04-27 15:44:07,561 [Worker-26] INFO  o.e.m.c.i.embedder.EclipseLogger - skip non existing resourceDirectory /home/christianzen/Tools/workspace/rMNPLY/src/test/resources
2016-04-27 15:44:29,138 [Worker-11] INFO  o.e.m.c.i.embedder.EclipseLogger - Using 'UTF-8' encoding to copy filtered resources.
2016-04-27 15:44:29,139 [Worker-11] INFO  o.e.m.c.i.embedder.EclipseLogger - skip non existing resourceDirectory /home/christianzen/Tools/workspace/rMNPLY/src/main/resources
2016-04-27 15:44:29,140 [Worker-11] INFO  o.e.m.c.i.embedder.EclipseLogger - Using 'UTF-8' encoding to copy filtered resources.
2016-04-27 15:44:29,140 [Worker-11] INFO  o.e.m.c.i.embedder.EclipseLogger - skip non existing resourceDirectory /home/christianzen/Tools/workspace/rMNPLY/src/test/resources
2016-04-27 16:01:14,514 [Worker-23] INFO  o.e.m.c.i.embedder.EclipseLogger - Using 'UTF-8' encoding to copy filtered resources.
2016-04-27 16:01:14,514 [Worker-23] INFO  o.e.m.c.i.embedder.EclipseLogger - skip non existing resourceDirectory /home/christianzen/Tools/workspace/rMNPLY/src/main/resources
2016-04-27 16:01:14,515 [Worker-23] INFO  o.e.m.c.i.embedder.EclipseLogger - Using 'UTF-8' encoding to copy filtered resources.
2016-04-27 16:01:14,515 [Worker-23] INFO  o.e.m.c.i.embedder.EclipseLogger - skip non existing resourceDirectory /home/christianzen/Tools/workspace/rMNPLY/src/test/resources
2016-04-27 16:01:32,825 [Worker-11] INFO  o.e.m.c.i.embedder.EclipseLogger - Using 'UTF-8' encoding to copy filtered resources.
2016-04-27 16:01:32,825 [Worker-11] INFO  o.e.m.c.i.embedder.EclipseLogger - skip non existing resourceDirectory /home/christianzen/Tools/workspace/rMNPLY/src/main/resources
2016-04-27 16:01:32,829 [Worker-11] INFO  o.e.m.c.i.embedder.EclipseLogger - Using 'UTF-8' encoding to copy filtered resources.
2016-04-27 16:01:32,830 [Worker-11] INFO  o.e.m.c.i.embedder.EclipseLogger - skip non existing resourceDirectory /home/christianzen/Tools/workspace/rMNPLY/src/test/resources
2016-04-27 16:08:07,572 [Worker-23] INFO  o.e.m.c.i.embedder.EclipseLogger - Using 'UTF-8' encoding to copy filtered resources.
2016-04-27 16:08:07,572 [Worker-23] INFO  o.e.m.c.i.embedder.EclipseLogger - skip non existing resourceDirectory /home/christianzen/Tools/workspace/rMNPLY/src/main/resources
2016-04-27 16:08:07,574 [Worker-23] INFO  o.e.m.c.i.embedder.EclipseLogger - Using 'UTF-8' encoding to copy filtered resources.
2016-04-27 16:08:07,574 [Worker-23] INFO  o.e.m.c.i.embedder.EclipseLogger - skip non existing resourceDirectory /home/christianzen/Tools/workspace/rMNPLY/src/test/resources
2016-04-27 16:08:08,641 [Worker-23] INFO  o.e.m.c.i.embedder.EclipseLogger - Using 'UTF-8' encoding to copy filtered resources.
2016-04-27 16:08:08,642 [Worker-23] INFO  o.e.m.c.i.embedder.EclipseLogger - skip non existing resourceDirectory /home/christianzen/Tools/workspace/rMNPLY/src/main/resources
2016-04-27 16:08:08,643 [Worker-23] INFO  o.e.m.c.i.embedder.EclipseLogger - Using 'UTF-8' encoding to copy filtered resources.
2016-04-27 16:08:08,643 [Worker-23] INFO  o.e.m.c.i.embedder.EclipseLogger - skip non existing resourceDirectory /home/christianzen/Tools/workspace/rMNPLY/src/test/resources
2016-04-27 16:08:17,776 [Worker-23] INFO  o.e.m.c.i.embedder.EclipseLogger - Using 'UTF-8' encoding to copy filtered resources.
2016-04-27 16:08:17,776 [Worker-23] INFO  o.e.m.c.i.embedder.EclipseLogger - skip non existing resourceDirectory /home/christianzen/Tools/workspace/rMNPLY/src/main/resources
2016-04-27 16:08:17,777 [Worker-23] INFO  o.e.m.c.i.embedder.EclipseLogger - Using 'UTF-8' encoding to copy filtered resources.
2016-04-27 16:08:17,777 [Worker-23] INFO  o.e.m.c.i.embedder.EclipseLogger - skip non existing resourceDirectory /home/christianzen/Tools/workspace/rMNPLY/src/test/resources
2016-04-27 16:08:23,130 [Worker-23] INFO  o.e.m.c.i.embedder.EclipseLogger - Using 'UTF-8' encoding to copy filtered resources.
2016-04-27 16:08:23,130 [Worker-23] INFO  o.e.m.c.i.embedder.EclipseLogger - skip non existing resourceDirectory /home/christianzen/Tools/workspace/rMNPLY/src/main/resources
2016-04-27 16:08:23,131 [Worker-23] INFO  o.e.m.c.i.embedder.EclipseLogger - Using 'UTF-8' encoding to copy filtered resources.
2016-04-27 16:08:23,131 [Worker-23] INFO  o.e.m.c.i.embedder.EclipseLogger - skip non existing resourceDirectory /home/christianzen/Tools/workspace/rMNPLY/src/test/resources
2016-04-27 16:08:56,631 [main] INFO  o.e.m2e.actions.ExecutePomAction - Using existing launch configuration
2016-04-27 16:08:56,750 [Worker-26] INFO  o.e.m.i.launch.MavenLaunchDelegate - /home/christianzen/Tools/workspace/rMNPLY
2016-04-27 16:08:56,750 [Worker-26] INFO  o.e.m.i.launch.MavenLaunchDelegate -  mvn  -B package
2016-04-28 14:45:29,894 [Worker-6] INFO  o.e.m.c.i.l.LifecycleMappingFactory - Using org.eclipse.m2e.jdt.JarLifecycleMapping lifecycle mapping for MavenProject: rMNPLY:rMNPLY:0.0.1-SNAPSHOT @ /home/christianzen/Tools/workspace/rMNPLY/pom.xml.
2016-04-28 14:45:32,500 [Worker-6] INFO  o.e.m.c.i.embedder.EclipseLogger - Using 'UTF-8' encoding to copy filtered resources.
2016-04-28 14:45:32,500 [Worker-6] INFO  o.e.m.c.i.embedder.EclipseLogger - skip non existing resourceDirectory /home/christianzen/Tools/workspace/rMNPLY/src/main/resources
2016-04-28 14:45:32,504 [Worker-6] INFO  o.e.m.c.i.embedder.EclipseLogger - Using 'UTF-8' encoding to copy filtered resources.
2016-04-28 14:45:32,504 [Worker-6] INFO  o.e.m.c.i.embedder.EclipseLogger - skip non existing resourceDirectory /home/christianzen/Tools/workspace/rMNPLY/src/test/resources
2016-04-28 14:45:34,677 [Worker-0] INFO  o.e.m.c.i.l.LifecycleMappingFactory - Using org.eclipse.m2e.jdt.JarLifecycleMapping lifecycle mapping for MavenProject: rMNPLY:rMNPLY:0.0.1-SNAPSHOT @ /home/christianzen/Tools/workspace/rMNPLY/pom.xml.
2016-04-28 14:45:37,549 [Worker-14] INFO  o.e.m.c.i.embedder.EclipseLogger - Using 'UTF-8' encoding to copy filtered resources.
2016-04-28 14:45:37,549 [Worker-14] INFO  o.e.m.c.i.embedder.EclipseLogger - skip non existing resourceDirectory /home/christianzen/Tools/workspace/rMNPLY/src/main/resources
2016-04-28 14:45:37,553 [Worker-14] INFO  o.e.m.c.i.embedder.EclipseLogger - Using 'UTF-8' encoding to copy filtered resources.
2016-04-28 14:45:37,553 [Worker-14] INFO  o.e.m.c.i.embedder.EclipseLogger - skip non existing resourceDirectory /home/christianzen/Tools/workspace/rMNPLY/src/test/resources
2016-04-28 14:46:12,064 [Worker-12] INFO  o.e.m.c.i.embedder.EclipseLogger - Using 'UTF-8' encoding to copy filtered resources.
2016-04-28 14:46:12,064 [Worker-12] INFO  o.e.m.c.i.embedder.EclipseLogger - skip non existing resourceDirectory /home/christianzen/Tools/workspace/rMNPLY/src/main/resources
2016-04-28 14:46:12,066 [Worker-12] INFO  o.e.m.c.i.embedder.EclipseLogger - Using 'UTF-8' encoding to copy filtered resources.
2016-04-28 14:46:12,067 [Worker-12] INFO  o.e.m.c.i.embedder.EclipseLogger - skip non existing resourceDirectory /home/christianzen/Tools/workspace/rMNPLY/src/test/resources
2016-04-28 14:48:01,912 [Worker-9] INFO  o.e.m.c.i.embedder.EclipseLogger - Using 'UTF-8' encoding to copy filtered resources.
2016-04-28 14:48:01,912 [Worker-9] INFO  o.e.m.c.i.embedder.EclipseLogger - skip non existing resourceDirectory /home/christianzen/Tools/workspace/rMNPLY/src/main/resources
2016-04-28 14:48:01,917 [Worker-9] INFO  o.e.m.c.i.embedder.EclipseLogger - Using 'UTF-8' encoding to copy filtered resources.
2016-04-28 14:48:01,918 [Worker-9] INFO  o.e.m.c.i.embedder.EclipseLogger - skip non existing resourceDirectory /home/christianzen/Tools/workspace/rMNPLY/src/test/resources
2016-04-28 14:51:45,923 [Worker-2] INFO  o.e.m.c.i.embedder.EclipseLogger - Using 'UTF-8' encoding to copy filtered resources.
2016-04-28 14:51:45,923 [Worker-2] INFO  o.e.m.c.i.embedder.EclipseLogger - skip non existing resourceDirectory /home/christianzen/Tools/workspace/rMNPLY/src/main/resources
2016-04-28 14:51:45,925 [Worker-2] INFO  o.e.m.c.i.embedder.EclipseLogger - Using 'UTF-8' encoding to copy filtered resources.
2016-04-28 14:51:45,925 [Worker-2] INFO  o.e.m.c.i.embedder.EclipseLogger - skip non existing resourceDirectory /home/christianzen/Tools/workspace/rMNPLY/src/test/resources
2016-04-28 14:53:38,609 [Worker-11] INFO  o.e.m.c.i.embedder.EclipseLogger - Using 'UTF-8' encoding to copy filtered resources.
2016-04-28 14:53:38,610 [Worker-11] INFO  o.e.m.c.i.embedder.EclipseLogger - skip non existing resourceDirectory /home/christianzen/Tools/workspace/rMNPLY/src/main/resources
2016-04-28 14:53:38,612 [Worker-11] INFO  o.e.m.c.i.embedder.EclipseLogger - Using 'UTF-8' encoding to copy filtered resources.
2016-04-28 14:53:38,612 [Worker-11] INFO  o.e.m.c.i.embedder.EclipseLogger - skip non existing resourceDirectory /home/christianzen/Tools/workspace/rMNPLY/src/test/resources
2016-04-28 14:53:45,005 [Worker-3] INFO  o.e.m.c.i.embedder.EclipseLogger - Using 'UTF-8' encoding to copy filtered resources.
2016-04-28 14:53:45,006 [Worker-3] INFO  o.e.m.c.i.embedder.EclipseLogger - skip non existing resourceDirectory /home/christianzen/Tools/workspace/rMNPLY/src/main/resources
2016-04-28 14:53:45,008 [Worker-3] INFO  o.e.m.c.i.embedder.EclipseLogger - Using 'UTF-8' encoding to copy filtered resources.
2016-04-28 14:53:45,008 [Worker-3] INFO  o.e.m.c.i.embedder.EclipseLogger - skip non existing resourceDirectory /home/christianzen/Tools/workspace/rMNPLY/src/test/resources
2016-04-28 14:53:52,396 [Worker-11] INFO  o.e.m.c.i.embedder.EclipseLogger - Using 'UTF-8' encoding to copy filtered resources.
2016-04-28 14:53:52,396 [Worker-11] INFO  o.e.m.c.i.embedder.EclipseLogger - skip non existing resourceDirectory /home/christianzen/Tools/workspace/rMNPLY/src/main/resources
2016-04-28 14:53:52,400 [Worker-11] INFO  o.e.m.c.i.embedder.EclipseLogger - Using 'UTF-8' encoding to copy filtered resources.
2016-04-28 14:53:52,400 [Worker-11] INFO  o.e.m.c.i.embedder.EclipseLogger - skip non existing resourceDirectory /home/christianzen/Tools/workspace/rMNPLY/src/test/resources
2016-04-28 14:53:54,252 [Worker-3] INFO  o.e.m.c.i.embedder.EclipseLogger - Using 'UTF-8' encoding to copy filtered resources.
2016-04-28 14:53:54,252 [Worker-3] INFO  o.e.m.c.i.embedder.EclipseLogger - skip non existing resourceDirectory /home/christianzen/Tools/workspace/rMNPLY/src/main/resources
2016-04-28 14:53:54,256 [Worker-3] INFO  o.e.m.c.i.embedder.EclipseLogger - Using 'UTF-8' encoding to copy filtered resources.
2016-04-28 14:53:54,256 [Worker-3] INFO  o.e.m.c.i.embedder.EclipseLogger - skip non existing resourceDirectory /home/christianzen/Tools/workspace/rMNPLY/src/test/resources
2016-05-10 18:21:18,872 [Worker-0] INFO  o.e.m.c.i.l.LifecycleMappingFactory - Using org.eclipse.m2e.jdt.JarLifecycleMapping lifecycle mapping for MavenProject: rMNPLY:rMNPLY:0.0.1-SNAPSHOT @ /home/christianzen/Tools/workspace/rMNPLY/pom.xml.
2016-05-10 18:21:25,348 [Worker-6] INFO  o.e.m.c.i.embedder.EclipseLogger - Using 'UTF-8' encoding to copy filtered resources.
2016-05-10 18:21:25,437 [Worker-6] INFO  o.e.m.c.i.embedder.EclipseLogger - skip non existing resourceDirectory /home/christianzen/Tools/workspace/rMNPLY/src/main/resources
2016-05-10 18:21:25,442 [Worker-6] INFO  o.e.m.c.i.embedder.EclipseLogger - Using 'UTF-8' encoding to copy filtered resources.
2016-05-10 18:21:25,442 [Worker-6] INFO  o.e.m.c.i.embedder.EclipseLogger - skip non existing resourceDirectory /home/christianzen/Tools/workspace/rMNPLY/src/test/resources
2016-05-10 18:58:58,750 [Worker-24] INFO  o.e.m.c.i.embedder.EclipseLogger - Using 'UTF-8' encoding to copy filtered resources.
2016-05-10 18:58:58,759 [Worker-24] INFO  o.e.m.c.i.embedder.EclipseLogger - skip non existing resourceDirectory /home/christianzen/Tools/workspace/rMNPLY/src/main/resources
2016-05-10 18:58:58,763 [Worker-24] INFO  o.e.m.c.i.embedder.EclipseLogger - Using 'UTF-8' encoding to copy filtered resources.
2016-05-10 18:58:58,763 [Worker-24] INFO  o.e.m.c.i.embedder.EclipseLogger - skip non existing resourceDirectory /home/christianzen/Tools/workspace/rMNPLY/src/test/resources
2016-05-18 13:53:48,708 [Worker-9] INFO  o.e.m.c.i.embedder.EclipseLogger - Using 'UTF-8' encoding to copy filtered resources.
2016-05-18 13:53:48,717 [Worker-9] INFO  o.e.m.c.i.embedder.EclipseLogger - skip non existing resourceDirectory /home/christianzen/Tools/workspace/rMNPLY/src/main/resources
2016-05-18 13:53:48,722 [Worker-9] INFO  o.e.m.c.i.embedder.EclipseLogger - Using 'UTF-8' encoding to copy filtered resources.
2016-05-18 13:53:48,722 [Worker-9] INFO  o.e.m.c.i.embedder.EclipseLogger - skip non existing resourceDirectory /home/christianzen/Tools/workspace/rMNPLY/src/test/resources
2016-05-18 13:57:10,182 [Worker-5] INFO  o.e.m.c.i.embedder.EclipseLogger - Using 'UTF-8' encoding to copy filtered resources.
2016-05-18 13:57:10,190 [Worker-5] INFO  o.e.m.c.i.embedder.EclipseLogger - skip non existing resourceDirectory /home/christianzen/Tools/workspace/rMNPLY/src/main/resources
2016-05-18 13:57:10,193 [Worker-5] INFO  o.e.m.c.i.embedder.EclipseLogger - Using 'UTF-8' encoding to copy filtered resources.
2016-05-18 13:57:10,194 [Worker-5] INFO  o.e.m.c.i.embedder.EclipseLogger - skip non existing resourceDirectory /home/christianzen/Tools/workspace/rMNPLY/src/test/resources
